<?xml version="1.0" encoding="UTF-8"?>
<testsuite xmlns:xsi="http://www.w3.org/2001/XMLSchema-instance" xsi:noNamespaceSchemaLocation="https://maven.apache.org/surefire/maven-surefire-plugin/xsd/surefire-test-report.xsd" name="gov.ca.fiscal.po.AppTest" time="0.045" tests="1" errors="0" skipped="0" failures="0">
  <properties>
    <property name="sun.desktop" value="windows"/>
    <property name="awt.toolkit" value="sun.awt.windows.WToolkit"/>
    <property name="file.encoding.pkg" value="sun.io"/>
    <property name="java.specification.version" value="1.8"/>
    <property name="sun.cpu.isalist" value="amd64"/>
    <property name="sun.jnu.encoding" value="Cp1252"/>
    <property name="java.class.path" value="c:\Java-Chatbot\spring-boot-examples-master\po\target\test-classes;c:\Java-Chatbot\spring-boot-examples-master\po\target\classes;C:\Users\Amareswara.Kathi\.m2\repository\com\ibm\watson\developer_cloud\java-sdk\6.10.0\java-sdk-6.10.0.jar;C:\Users\Amareswara.Kathi\.m2\repository\com\ibm\watson\developer_cloud\assistant\6.10.0\assistant-6.10.0.jar;C:\Users\Amareswara.Kathi\.m2\repository\com\ibm\watson\developer_cloud\conversation\6.10.0\conversation-6.10.0.jar;C:\Users\Amareswara.Kathi\.m2\repository\com\ibm\watson\developer_cloud\core\6.10.0\core-6.10.0.jar;C:\Users\Amareswara.Kathi\.m2\repository\com\squareup\okhttp3\okhttp\3.11.0\okhttp-3.11.0.jar;C:\Users\Amareswara.Kathi\.m2\repository\com\squareup\okio\okio\1.14.0\okio-1.14.0.jar;C:\Users\Amareswara.Kathi\.m2\repository\com\squareup\okhttp3\logging-interceptor\3.11.0\logging-interceptor-3.11.0.jar;C:\Users\Amareswara.Kathi\.m2\repository\com\squareup\okhttp3\okhttp-urlconnection\3.11.0\okhttp-urlconnection-3.11.0.jar;C:\Users\Amareswara.Kathi\.m2\repository\com\google\code\gson\gson\2.8.5\gson-2.8.5.jar;C:\Users\Amareswara.Kathi\.m2\repository\org\apache\commons\commons-lang3\3.8.1\commons-lang3-3.8.1.jar;C:\Users\Amareswara.Kathi\.m2\repository\org\glassfish\jersey\bundles\repackaged\jersey-jsr166e\2.25.1\jersey-jsr166e-2.25.1.jar;C:\Users\Amareswara.Kathi\.m2\repository\com\ibm\watson\developer_cloud\discovery\6.10.0\discovery-6.10.0.jar;C:\Users\Amareswara.Kathi\.m2\repository\com\ibm\watson\developer_cloud\language-translator\6.10.0\language-translator-6.10.0.jar;C:\Users\Amareswara.Kathi\.m2\repository\com\ibm\watson\developer_cloud\natural-language-classifier\6.10.0\natural-language-classifier-6.10.0.jar;C:\Users\Amareswara.Kathi\.m2\repository\com\ibm\watson\developer_cloud\natural-language-understanding\6.10.0\natural-language-understanding-6.10.0.jar;C:\Users\Amareswara.Kathi\.m2\repository\com\ibm\watson\developer_cloud\personality-insights\6.10.0\personality-insights-6.10.0.jar;C:\Users\Amareswara.Kathi\.m2\repository\com\ibm\watson\developer_cloud\speech-to-text\6.10.0\speech-to-text-6.10.0.jar;C:\Users\Amareswara.Kathi\.m2\repository\com\ibm\watson\developer_cloud\text-to-speech\6.10.0\text-to-speech-6.10.0.jar;C:\Users\Amareswara.Kathi\.m2\repository\com\ibm\watson\developer_cloud\tone-analyzer\6.10.0\tone-analyzer-6.10.0.jar;C:\Users\Amareswara.Kathi\.m2\repository\com\ibm\watson\developer_cloud\visual-recognition\6.10.0\visual-recognition-6.10.0.jar;C:\Users\Amareswara.Kathi\.m2\repository\org\apache\poi\poi\4.0.1\poi-4.0.1.jar;C:\Users\Amareswara.Kathi\.m2\repository\commons-codec\commons-codec\1.11\commons-codec-1.11.jar;C:\Users\Amareswara.Kathi\.m2\repository\org\apache\commons\commons-collections4\4.2\commons-collections4-4.2.jar;C:\Users\Amareswara.Kathi\.m2\repository\org\apache\commons\commons-math3\3.6.1\commons-math3-3.6.1.jar;C:\Users\Amareswara.Kathi\.m2\repository\org\apache\poi\poi-ooxml\3.15\poi-ooxml-3.15.jar;C:\Users\Amareswara.Kathi\.m2\repository\org\apache\poi\poi-ooxml-schemas\3.15\poi-ooxml-schemas-3.15.jar;C:\Users\Amareswara.Kathi\.m2\repository\org\apache\xmlbeans\xmlbeans\2.6.0\xmlbeans-2.6.0.jar;C:\Users\Amareswara.Kathi\.m2\repository\stax\stax-api\1.0.1\stax-api-1.0.1.jar;C:\Users\Amareswara.Kathi\.m2\repository\com\github\virtuald\curvesapi\1.04\curvesapi-1.04.jar;C:\Users\Amareswara.Kathi\.m2\repository\org\springframework\boot\spring-boot-starter-web\2.1.0.RELEASE\spring-boot-starter-web-2.1.0.RELEASE.jar;C:\Users\Amareswara.Kathi\.m2\repository\org\springframework\boot\spring-boot-starter\2.1.0.RELEASE\spring-boot-starter-2.1.0.RELEASE.jar;C:\Users\Amareswara.Kathi\.m2\repository\org\springframework\boot\spring-boot-starter-logging\2.1.0.RELEASE\spring-boot-starter-logging-2.1.0.RELEASE.jar;C:\Users\Amareswara.Kathi\.m2\repository\ch\qos\logback\logback-classic\1.2.3\logback-classic-1.2.3.jar;C:\Users\Amareswara.Kathi\.m2\repository\ch\qos\logback\logback-core\1.2.3\logback-core-1.2.3.jar;C:\Users\Amareswara.Kathi\.m2\repository\org\slf4j\slf4j-api\1.7.25\slf4j-api-1.7.25.jar;C:\Users\Amareswara.Kathi\.m2\repository\org\apache\logging\log4j\log4j-to-slf4j\2.11.1\log4j-to-slf4j-2.11.1.jar;C:\Users\Amareswara.Kathi\.m2\repository\org\apache\logging\log4j\log4j-api\2.11.1\log4j-api-2.11.1.jar;C:\Users\Amareswara.Kathi\.m2\repository\org\slf4j\jul-to-slf4j\1.7.25\jul-to-slf4j-1.7.25.jar;C:\Users\Amareswara.Kathi\.m2\repository\javax\annotation\javax.annotation-api\1.3.2\javax.annotation-api-1.3.2.jar;C:\Users\Amareswara.Kathi\.m2\repository\org\springframework\spring-core\5.1.2.RELEASE\spring-core-5.1.2.RELEASE.jar;C:\Users\Amareswara.Kathi\.m2\repository\org\springframework\spring-jcl\5.1.2.RELEASE\spring-jcl-5.1.2.RELEASE.jar;C:\Users\Amareswara.Kathi\.m2\repository\org\yaml\snakeyaml\1.23\snakeyaml-1.23.jar;C:\Users\Amareswara.Kathi\.m2\repository\org\springframework\boot\spring-boot-starter-json\2.1.0.RELEASE\spring-boot-starter-json-2.1.0.RELEASE.jar;C:\Users\Amareswara.Kathi\.m2\repository\com\fasterxml\jackson\core\jackson-databind\2.9.7\jackson-databind-2.9.7.jar;C:\Users\Amareswara.Kathi\.m2\repository\com\fasterxml\jackson\core\jackson-annotations\2.9.0\jackson-annotations-2.9.0.jar;C:\Users\Amareswara.Kathi\.m2\repository\com\fasterxml\jackson\core\jackson-core\2.9.7\jackson-core-2.9.7.jar;C:\Users\Amareswara.Kathi\.m2\repository\com\fasterxml\jackson\datatype\jackson-datatype-jdk8\2.9.7\jackson-datatype-jdk8-2.9.7.jar;C:\Users\Amareswara.Kathi\.m2\repository\com\fasterxml\jackson\datatype\jackson-datatype-jsr310\2.9.7\jackson-datatype-jsr310-2.9.7.jar;C:\Users\Amareswara.Kathi\.m2\repository\com\fasterxml\jackson\module\jackson-module-parameter-names\2.9.7\jackson-module-parameter-names-2.9.7.jar;C:\Users\Amareswara.Kathi\.m2\repository\org\springframework\boot\spring-boot-starter-tomcat\2.1.0.RELEASE\spring-boot-starter-tomcat-2.1.0.RELEASE.jar;C:\Users\Amareswara.Kathi\.m2\repository\org\apache\tomcat\embed\tomcat-embed-core\9.0.12\tomcat-embed-core-9.0.12.jar;C:\Users\Amareswara.Kathi\.m2\repository\org\apache\tomcat\embed\tomcat-embed-el\9.0.12\tomcat-embed-el-9.0.12.jar;C:\Users\Amareswara.Kathi\.m2\repository\org\apache\tomcat\embed\tomcat-embed-websocket\9.0.12\tomcat-embed-websocket-9.0.12.jar;C:\Users\Amareswara.Kathi\.m2\repository\org\hibernate\validator\hibernate-validator\6.0.13.Final\hibernate-validator-6.0.13.Final.jar;C:\Users\Amareswara.Kathi\.m2\repository\javax\validation\validation-api\2.0.1.Final\validation-api-2.0.1.Final.jar;C:\Users\Amareswara.Kathi\.m2\repository\org\jboss\logging\jboss-logging\3.3.2.Final\jboss-logging-3.3.2.Final.jar;C:\Users\Amareswara.Kathi\.m2\repository\com\fasterxml\classmate\1.4.0\classmate-1.4.0.jar;C:\Users\Amareswara.Kathi\.m2\repository\org\springframework\spring-web\5.1.2.RELEASE\spring-web-5.1.2.RELEASE.jar;C:\Users\Amareswara.Kathi\.m2\repository\org\springframework\spring-beans\5.1.2.RELEASE\spring-beans-5.1.2.RELEASE.jar;C:\Users\Amareswara.Kathi\.m2\repository\org\springframework\spring-webmvc\5.1.2.RELEASE\spring-webmvc-5.1.2.RELEASE.jar;C:\Users\Amareswara.Kathi\.m2\repository\org\springframework\spring-aop\5.1.2.RELEASE\spring-aop-5.1.2.RELEASE.jar;C:\Users\Amareswara.Kathi\.m2\repository\org\springframework\spring-context\5.1.2.RELEASE\spring-context-5.1.2.RELEASE.jar;C:\Users\Amareswara.Kathi\.m2\repository\org\springframework\spring-expression\5.1.2.RELEASE\spring-expression-5.1.2.RELEASE.jar;C:\Users\Amareswara.Kathi\.m2\repository\log4j\log4j\1.2.17\log4j-1.2.17.jar;C:\Users\Amareswara.Kathi\.m2\repository\junit\junit\4.12\junit-4.12.jar;C:\Users\Amareswara.Kathi\.m2\repository\org\hamcrest\hamcrest-core\1.3\hamcrest-core-1.3.jar;C:\Users\Amareswara.Kathi\.m2\repository\org\springframework\boot\spring-boot-devtools\2.1.0.RELEASE\spring-boot-devtools-2.1.0.RELEASE.jar;C:\Users\Amareswara.Kathi\.m2\repository\org\springframework\boot\spring-boot\2.1.0.RELEASE\spring-boot-2.1.0.RELEASE.jar;C:\Users\Amareswara.Kathi\.m2\repository\org\springframework\boot\spring-boot-autoconfigure\2.1.0.RELEASE\spring-boot-autoconfigure-2.1.0.RELEASE.jar;"/>
    <property name="java.vm.vendor" value="Oracle Corporation"/>
    <property name="sun.arch.data.model" value="64"/>
    <property name="user.variant" value=""/>
    <property name="java.vendor.url" value="http://java.oracle.com/"/>
    <property name="user.timezone" value="America/Los_Angeles"/>
    <property name="java.vm.specification.version" value="1.8"/>
    <property name="os.name" value="Windows 7"/>
    <property name="user.country" value="US"/>
    <property name="sun.java.launcher" value="SUN_STANDARD"/>
    <property name="sun.boot.library.path" value="C:\Program Files\Java\jdk1.8.0_161\jre\bin"/>
    <property name="sun.java.command" value="C:\Users\AMARES~1.KAT\AppData\Local\Temp\surefire8047914946633135610\surefirebooter3313679162594091784.jar C:\Users\Amareswara.Kathi\AppData\Local\Temp\surefire8047914946633135610 2019-01-03T16-20-01_737-jvmRun1 surefire1910897540275967611tmp surefire_08500376740445816512tmp"/>
    <property name="surefire.test.class.path" value="c:\Java-Chatbot\spring-boot-examples-master\po\target\test-classes;c:\Java-Chatbot\spring-boot-examples-master\po\target\classes;C:\Users\Amareswara.Kathi\.m2\repository\com\ibm\watson\developer_cloud\java-sdk\6.10.0\java-sdk-6.10.0.jar;C:\Users\Amareswara.Kathi\.m2\repository\com\ibm\watson\developer_cloud\assistant\6.10.0\assistant-6.10.0.jar;C:\Users\Amareswara.Kathi\.m2\repository\com\ibm\watson\developer_cloud\conversation\6.10.0\conversation-6.10.0.jar;C:\Users\Amareswara.Kathi\.m2\repository\com\ibm\watson\developer_cloud\core\6.10.0\core-6.10.0.jar;C:\Users\Amareswara.Kathi\.m2\repository\com\squareup\okhttp3\okhttp\3.11.0\okhttp-3.11.0.jar;C:\Users\Amareswara.Kathi\.m2\repository\com\squareup\okio\okio\1.14.0\okio-1.14.0.jar;C:\Users\Amareswara.Kathi\.m2\repository\com\squareup\okhttp3\logging-interceptor\3.11.0\logging-interceptor-3.11.0.jar;C:\Users\Amareswara.Kathi\.m2\repository\com\squareup\okhttp3\okhttp-urlconnection\3.11.0\okhttp-urlconnection-3.11.0.jar;C:\Users\Amareswara.Kathi\.m2\repository\com\google\code\gson\gson\2.8.5\gson-2.8.5.jar;C:\Users\Amareswara.Kathi\.m2\repository\org\apache\commons\commons-lang3\3.8.1\commons-lang3-3.8.1.jar;C:\Users\Amareswara.Kathi\.m2\repository\org\glassfish\jersey\bundles\repackaged\jersey-jsr166e\2.25.1\jersey-jsr166e-2.25.1.jar;C:\Users\Amareswara.Kathi\.m2\repository\com\ibm\watson\developer_cloud\discovery\6.10.0\discovery-6.10.0.jar;C:\Users\Amareswara.Kathi\.m2\repository\com\ibm\watson\developer_cloud\language-translator\6.10.0\language-translator-6.10.0.jar;C:\Users\Amareswara.Kathi\.m2\repository\com\ibm\watson\developer_cloud\natural-language-classifier\6.10.0\natural-language-classifier-6.10.0.jar;C:\Users\Amareswara.Kathi\.m2\repository\com\ibm\watson\developer_cloud\natural-language-understanding\6.10.0\natural-language-understanding-6.10.0.jar;C:\Users\Amareswara.Kathi\.m2\repository\com\ibm\watson\developer_cloud\personality-insights\6.10.0\personality-insights-6.10.0.jar;C:\Users\Amareswara.Kathi\.m2\repository\com\ibm\watson\developer_cloud\speech-to-text\6.10.0\speech-to-text-6.10.0.jar;C:\Users\Amareswara.Kathi\.m2\repository\com\ibm\watson\developer_cloud\text-to-speech\6.10.0\text-to-speech-6.10.0.jar;C:\Users\Amareswara.Kathi\.m2\repository\com\ibm\watson\developer_cloud\tone-analyzer\6.10.0\tone-analyzer-6.10.0.jar;C:\Users\Amareswara.Kathi\.m2\repository\com\ibm\watson\developer_cloud\visual-recognition\6.10.0\visual-recognition-6.10.0.jar;C:\Users\Amareswara.Kathi\.m2\repository\org\apache\poi\poi\4.0.1\poi-4.0.1.jar;C:\Users\Amareswara.Kathi\.m2\repository\commons-codec\commons-codec\1.11\commons-codec-1.11.jar;C:\Users\Amareswara.Kathi\.m2\repository\org\apache\commons\commons-collections4\4.2\commons-collections4-4.2.jar;C:\Users\Amareswara.Kathi\.m2\repository\org\apache\commons\commons-math3\3.6.1\commons-math3-3.6.1.jar;C:\Users\Amareswara.Kathi\.m2\repository\org\apache\poi\poi-ooxml\3.15\poi-ooxml-3.15.jar;C:\Users\Amareswara.Kathi\.m2\repository\org\apache\poi\poi-ooxml-schemas\3.15\poi-ooxml-schemas-3.15.jar;C:\Users\Amareswara.Kathi\.m2\repository\org\apache\xmlbeans\xmlbeans\2.6.0\xmlbeans-2.6.0.jar;C:\Users\Amareswara.Kathi\.m2\repository\stax\stax-api\1.0.1\stax-api-1.0.1.jar;C:\Users\Amareswara.Kathi\.m2\repository\com\github\virtuald\curvesapi\1.04\curvesapi-1.04.jar;C:\Users\Amareswara.Kathi\.m2\repository\org\springframework\boot\spring-boot-starter-web\2.1.0.RELEASE\spring-boot-starter-web-2.1.0.RELEASE.jar;C:\Users\Amareswara.Kathi\.m2\repository\org\springframework\boot\spring-boot-starter\2.1.0.RELEASE\spring-boot-starter-2.1.0.RELEASE.jar;C:\Users\Amareswara.Kathi\.m2\repository\org\springframework\boot\spring-boot-starter-logging\2.1.0.RELEASE\spring-boot-starter-logging-2.1.0.RELEASE.jar;C:\Users\Amareswara.Kathi\.m2\repository\ch\qos\logback\logback-classic\1.2.3\logback-classic-1.2.3.jar;C:\Users\Amareswara.Kathi\.m2\repository\ch\qos\logback\logback-core\1.2.3\logback-core-1.2.3.jar;C:\Users\Amareswara.Kathi\.m2\repository\org\slf4j\slf4j-api\1.7.25\slf4j-api-1.7.25.jar;C:\Users\Amareswara.Kathi\.m2\repository\org\apache\logging\log4j\log4j-to-slf4j\2.11.1\log4j-to-slf4j-2.11.1.jar;C:\Users\Amareswara.Kathi\.m2\repository\org\apache\logging\log4j\log4j-api\2.11.1\log4j-api-2.11.1.jar;C:\Users\Amareswara.Kathi\.m2\repository\org\slf4j\jul-to-slf4j\1.7.25\jul-to-slf4j-1.7.25.jar;C:\Users\Amareswara.Kathi\.m2\repository\javax\annotation\javax.annotation-api\1.3.2\javax.annotation-api-1.3.2.jar;C:\Users\Amareswara.Kathi\.m2\repository\org\springframework\spring-core\5.1.2.RELEASE\spring-core-5.1.2.RELEASE.jar;C:\Users\Amareswara.Kathi\.m2\repository\org\springframework\spring-jcl\5.1.2.RELEASE\spring-jcl-5.1.2.RELEASE.jar;C:\Users\Amareswara.Kathi\.m2\repository\org\yaml\snakeyaml\1.23\snakeyaml-1.23.jar;C:\Users\Amareswara.Kathi\.m2\repository\org\springframework\boot\spring-boot-starter-json\2.1.0.RELEASE\spring-boot-starter-json-2.1.0.RELEASE.jar;C:\Users\Amareswara.Kathi\.m2\repository\com\fasterxml\jackson\core\jackson-databind\2.9.7\jackson-databind-2.9.7.jar;C:\Users\Amareswara.Kathi\.m2\repository\com\fasterxml\jackson\core\jackson-annotations\2.9.0\jackson-annotations-2.9.0.jar;C:\Users\Amareswara.Kathi\.m2\repository\com\fasterxml\jackson\core\jackson-core\2.9.7\jackson-core-2.9.7.jar;C:\Users\Amareswara.Kathi\.m2\repository\com\fasterxml\jackson\datatype\jackson-datatype-jdk8\2.9.7\jackson-datatype-jdk8-2.9.7.jar;C:\Users\Amareswara.Kathi\.m2\repository\com\fasterxml\jackson\datatype\jackson-datatype-jsr310\2.9.7\jackson-datatype-jsr310-2.9.7.jar;C:\Users\Amareswara.Kathi\.m2\repository\com\fasterxml\jackson\module\jackson-module-parameter-names\2.9.7\jackson-module-parameter-names-2.9.7.jar;C:\Users\Amareswara.Kathi\.m2\repository\org\springframework\boot\spring-boot-starter-tomcat\2.1.0.RELEASE\spring-boot-starter-tomcat-2.1.0.RELEASE.jar;C:\Users\Amareswara.Kathi\.m2\repository\org\apache\tomcat\embed\tomcat-embed-core\9.0.12\tomcat-embed-core-9.0.12.jar;C:\Users\Amareswara.Kathi\.m2\repository\org\apache\tomcat\embed\tomcat-embed-el\9.0.12\tomcat-embed-el-9.0.12.jar;C:\Users\Amareswara.Kathi\.m2\repository\org\apache\tomcat\embed\tomcat-embed-websocket\9.0.12\tomcat-embed-websocket-9.0.12.jar;C:\Users\Amareswara.Kathi\.m2\repository\org\hibernate\validator\hibernate-validator\6.0.13.Final\hibernate-validator-6.0.13.Final.jar;C:\Users\Amareswara.Kathi\.m2\repository\javax\validation\validation-api\2.0.1.Final\validation-api-2.0.1.Final.jar;C:\Users\Amareswara.Kathi\.m2\repository\org\jboss\logging\jboss-logging\3.3.2.Final\jboss-logging-3.3.2.Final.jar;C:\Users\Amareswara.Kathi\.m2\repository\com\fasterxml\classmate\1.4.0\classmate-1.4.0.jar;C:\Users\Amareswara.Kathi\.m2\repository\org\springframework\spring-web\5.1.2.RELEASE\spring-web-5.1.2.RELEASE.jar;C:\Users\Amareswara.Kathi\.m2\repository\org\springframework\spring-beans\5.1.2.RELEASE\spring-beans-5.1.2.RELEASE.jar;C:\Users\Amareswara.Kathi\.m2\repository\org\springframework\spring-webmvc\5.1.2.RELEASE\spring-webmvc-5.1.2.RELEASE.jar;C:\Users\Amareswara.Kathi\.m2\repository\org\springframework\spring-aop\5.1.2.RELEASE\spring-aop-5.1.2.RELEASE.jar;C:\Users\Amareswara.Kathi\.m2\repository\org\springframework\spring-context\5.1.2.RELEASE\spring-context-5.1.2.RELEASE.jar;C:\Users\Amareswara.Kathi\.m2\repository\org\springframework\spring-expression\5.1.2.RELEASE\spring-expression-5.1.2.RELEASE.jar;C:\Users\Amareswara.Kathi\.m2\repository\log4j\log4j\1.2.17\log4j-1.2.17.jar;C:\Users\Amareswara.Kathi\.m2\repository\junit\junit\4.12\junit-4.12.jar;C:\Users\Amareswara.Kathi\.m2\repository\org\hamcrest\hamcrest-core\1.3\hamcrest-core-1.3.jar;C:\Users\Amareswara.Kathi\.m2\repository\org\springframework\boot\spring-boot-devtools\2.1.0.RELEASE\spring-boot-devtools-2.1.0.RELEASE.jar;C:\Users\Amareswara.Kathi\.m2\repository\org\springframework\boot\spring-boot\2.1.0.RELEASE\spring-boot-2.1.0.RELEASE.jar;C:\Users\Amareswara.Kathi\.m2\repository\org\springframework\boot\spring-boot-autoconfigure\2.1.0.RELEASE\spring-boot-autoconfigure-2.1.0.RELEASE.jar;"/>
    <property name="sun.cpu.endian" value="little"/>
    <property name="user.home" value="C:\Users\Amareswara.Kathi"/>
    <property name="user.language" value="en"/>
    <property name="java.specification.vendor" value="Oracle Corporation"/>
    <property name="java.home" value="C:\Program Files\Java\jdk1.8.0_161\jre"/>
    <property name="basedir" value="c:\Java-Chatbot\spring-boot-examples-master\po"/>
    <property name="file.separator" value="\"/>
    <property name="line.separator" value="&#10;"/>
    <property name="java.vm.specification.vendor" value="Oracle Corporation"/>
    <property name="java.specification.name" value="Java Platform API Specification"/>
    <property name="java.awt.graphicsenv" value="sun.awt.Win32GraphicsEnvironment"/>
    <property name="surefire.real.class.path" value="C:\Users\AMARES~1.KAT\AppData\Local\Temp\surefire8047914946633135610\surefirebooter3313679162594091784.jar"/>
    <property name="sun.boot.class.path" value="C:\Program Files\Java\jdk1.8.0_161\jre\lib\resources.jar;C:\Program Files\Java\jdk1.8.0_161\jre\lib\rt.jar;C:\Program Files\Java\jdk1.8.0_161\jre\lib\sunrsasign.jar;C:\Program Files\Java\jdk1.8.0_161\jre\lib\jsse.jar;C:\Program Files\Java\jdk1.8.0_161\jre\lib\jce.jar;C:\Program Files\Java\jdk1.8.0_161\jre\lib\charsets.jar;C:\Program Files\Java\jdk1.8.0_161\jre\lib\jfr.jar;C:\Program Files\Java\jdk1.8.0_161\jre\classes"/>
    <property name="user.script" value=""/>
    <property name="sun.management.compiler" value="HotSpot 64-Bit Tiered Compilers"/>
    <property name="java.runtime.version" value="1.8.0_161-b12"/>
    <property name="user.name" value="Amareswara.Kathi"/>
    <property name="path.separator" value=";"/>
    <property name="os.version" value="6.1"/>
    <property name="java.endorsed.dirs" value="C:\Program Files\Java\jdk1.8.0_161\jre\lib\endorsed"/>
    <property name="java.runtime.name" value="Java(TM) SE Runtime Environment"/>
    <property name="file.encoding" value="Cp1252"/>
    <property name="java.vm.name" value="Java HotSpot(TM) 64-Bit Server VM"/>
    <property name="localRepository" value="C:\Users\Amareswara.Kathi\.m2\repository"/>
    <property name="java.vendor.url.bug" value="http://bugreport.sun.com/bugreport/"/>
    <property name="java.io.tmpdir" value="C:\Users\AMARES~1.KAT\AppData\Local\Temp\"/>
    <property name="java.version" value="1.8.0_161"/>
    <property name="user.dir" value="c:\Java-Chatbot\spring-boot-examples-master\po"/>
    <property name="os.arch" value="amd64"/>
    <property name="java.vm.specification.name" value="Java Virtual Machine Specification"/>
    <property name="java.awt.printerjob" value="sun.awt.windows.WPrinterJob"/>
    <property name="sun.os.patch.level" value="Service Pack 1"/>
    <property name="java.library.path" value="C:\Program Files\Java\jdk1.8.0_161\jre\bin;C:\WINDOWS\Sun\Java\bin;C:\WINDOWS\system32;C:\WINDOWS;C:\Users\Amareswara.Kathi\AppData\Local\Programs\Python\Python37-32\Scripts\;C:\Users\Amareswara.Kathi\AppData\Local\Programs\Python\Python37-32\;C:\Scripts\;C:\;C:\Program Files (x86)\Common Files\Oracle\Java\javapath;C:\ProgramData\Oracle\Java\javapath;C:\WINDOWS\system32;C:\WINDOWS;C:\WINDOWS\System32\Wbem;C:\WINDOWS\System32\WindowsPowerShell\v1.0\;C:\Program Files\dotnet\;C:\Program Files\Microsoft SQL Server\130\Tools\Binn\;C:\PuTTY\;C:\nodejs\;C:\Yarn\bin;;C:\Program Files\Microsoft VS Code\bin;C:\gradle-4.9\bin;C:\apache-maven-3.6.0\bin;C:\curl\bin;C:\Program Files\Microsoft\Web Platform Installer\;C:\spring-2.1.1.RELEASE\bin;C:\Users\Amareswara.Kathi\AppData\Roaming\npm;C:\Users\Amareswara.Kathi\AppData\Local\Yarn\bin;C:\Git\cmd;."/>
    <property name="java.vm.info" value="mixed mode"/>
    <property name="java.vendor" value="Oracle Corporation"/>
    <property name="java.vm.version" value="25.161-b12"/>
    <property name="java.ext.dirs" value="C:\Program Files\Java\jdk1.8.0_161\jre\lib\ext;C:\WINDOWS\Sun\Java\lib\ext"/>
    <property name="sun.io.unicode.encoding" value="UnicodeLittle"/>
    <property name="java.class.version" value="52.0"/>
  </properties>
  <testcase name="testApp" classname="gov.ca.fiscal.po.AppTest" time="0.001"/>
</testsuite>